stsdk_util/proguard/seeds.txt
com.ldrobot.bean.BuildConfig
com.ldrobot.bean.R
com.ldrobot.bean.BuildConfig: boolean DEBUG
com.ldrobot.bean.BuildConfig: java.lang.String LIBRARY_PACKAGE_NAME
com.ldrobot.bean.BuildConfig: java.lang.String BUILD_TYPE
com.ldrobot.bean.BuildConfig: BuildConfig()
com.ldrobot.bean.R: R()